5.999999999942       0.015625 4.32757e-06 -1.8613e-06 -0.00202809 -8.12585e-06 -1.90292e-05 3.79829e-06 0 0
5.999999999942       0.046875 7.15201e-06 1.3128e-06 -0.000351122 -8.54368e-06 -1.29435e-05 1.39167e-06 0 0
5.999999999942       0.078125 7.15436e-06 1.6882e-08 -8.12001e-05 -1.10118e-06 7.41411e-06 -6.05317e-06 0 0
5.999999999942       0.109375 2.0337e-06 -2.3978e-06 -9.18335e-05 -3.35372e-06 1.52064e-05 1.32002e-06 0 0
5.999999999942       0.140625 7.20241e-06 -1.10732e-06 -5.7593e-05 -7.02759e-06 1.01215e-05 -1.74826e-07 0 0
5.999999999942       0.171875 1.75547e-06 6.61484e-07 -6.22829e-05 -4.9805e-06 -5.53771e-06 3.22503e-06 0 0
5.999999999942       0.203125 2.35943e-06 3.70625e-07 -2.2085e-05 -9.22435e-07 -1.27786e-07 -1.437e-06 0 0
5.999999999942       0.234375 9.81306e-07 9.74834e-08 -3.40137e-05 -1.98755e-06 -5.45448e-06 1.00624e-06 0 0
5.999999999942       0.265625 1.11999e-06 9.91292e-07 -2.22224e-05 -7.87959e-07 -1.7326e-05 -3.32029e-07 0 0
5.999999999942       0.296875 -2.4301e-07 -5.37233e-08 -2.44984e-05 5.64163e-09 1.23586e-06 2.37368e-07 0 0
5.999999999942       0.328125 4.06211e-07 -1.12437e-06 -1.17485e-05 -1.94234e-06 4.88999e-06 1.53613e-06 0 0
5.999999999942       0.359375 1.46679e-06 -6.49967e-07 -7.09983e-06 -1.65498e-06 5.97482e-06 1.88191e-07 0 0
5.999999999942       0.390625 1.8e-06 -5.11639e-07 -2.7811e-07 -1.41746e-06 -4.52948e-06 -3.82541e-07 0 0
5.999999999942       0.421875 2.96647e-06 -2.06639e-07 -5.25962e-06 -2.2099e-06 -5.35789e-06 -7.5657e-07 0 0
5.999999999942       0.453125 2.08364e-06 -1.12259e-06 -5.19246e-06 -8.98789e-07 -4.01683e-06 -1.18485e-06 0 0
5.999999999942       0.484375 -1.05438e-06 4.04984e-07 -1.82351e-05 -1.68814e-06 1.19493e-05 2.74252e-06 0 0
5.999999999942       0.515625 1.73159e-06 3.9355e-07 -1.8635e-05 -6.72839e-07 9.07058e-06 -1.05875e-06 0 0
5.999999999942       0.546875 3.86698e-07 -2.59561e-07 -1.92422e-05 -1.74193e-06 1.1519e-05 1.35523e-06 0 0
5.999999999942       0.578125 -2.83975e-08 -6.80696e-07 -1.51415e-05 -1.59522e-06 -1.3277e-06 1.62362e-06 0 0
5.999999999942       0.609375 2.06368e-07 6.01227e-07 -5.60438e-06 -1.14069e-06 -7.70743e-06 9.34324e-07 0 0
5.999999999942       0.640625 -7.00696e-07 4.0895e-07 -2.66858e-06 8.70853e-07 -9.49454e-06 -1.70157e-07 0 0
5.999999999942       0.671875 4.47009e-07 -4.61955e-07 -6.49914e-06 -5.49827e-07 -4.67212e-07 1.02818e-07 0 0
5.999999999942       0.703125 3.03626e-07 -8.6483e-07 -8.05596e-06 -3.0711e-07 3.33402e-06 3.48388e-09 0 0
5.999999999942       0.734375 -2.89475e-07 -2.52963e-07 -3.91039e-06 -3.63996e-07 -3.37685e-06 6.53471e-07 0 0
5.999999999942       0.765625 2.68342e-07 -1.41079e-07 -5.39873e-06 -5.09348e-07 -3.87246e-07 2.41006e-07 0 0
5.999999999942       0.796875 1.23662e-07 -1.27721e-06 -1.16718e-05 -1.29555e-06 2.1413e-06 1.17189e-06 0 0
5.999999999942       0.828125 2.64031e-08 -6.76918e-07 -1.13279e-05 -4.25622e-07 3.18715e-06 3.99219e-07 0 0
5.999999999942       0.859375 8.09743e-07 -1.84366e-08 -6.9818e-06 -1.50365e-06 -2.73093e-06 6.93911e-07 0 0
5.999999999942       0.890625 7.08945e-07 -4.26234e-08 -5.21148e-06 -1.74256e-06 -6.9863e-07 1.03361e-06 0 0
5.999999999942       0.921875 -2.87583e-07 -2.36818e-07 -6.53066e-06 3.99183e-07 -4.36594e-07 -1.116e-07 0 0
5.999999999942       0.953125 -1.34383e-07 -1.33655e-07 -4.23491e-06 -1.85254e-07 1.27266e-06 3.19637e-07 0 0
5.999999999942       0.984375 -2.04369e-07 -1.15947e-07 -4.70589e-06 -3.21223e-07 9.26806e-07 5.25592e-07 0 0
6.999999999904       0.015625 -4.34934e-07 1.03482e-05 -0.00205251 -5.7002e-06 -1.502e-05 6.13513e-06 0 0
6.999999999904       0.046875 1.10022e-05 7.90302e-08 -0.000304979 -1.42649e-05 -1.39554e-05 3.26274e-06 0 0
6.999999999904       0.078125 1.06397e-05 -8.41265e-07 -8.31848e-05 -9.45007e-06 1.06979e-05 -1.18966e-06 0 0
6.999999999904       0.109375 3.75694e-06 9.27567e-08 -8.17185e-05 -3.54877e-06 1.36179e-05 -2.08163e-07 0 0
6.999999999904       0.140625 1.192e-06 8.09373e-07 -7.12742e-05 -1.61095e-07 2.90323e-06 -1.03091e-06 0 0
6.999999999904       0.171875 2.21153e-06 -4.42134e-07 -5.21565e-05 -3.80165e-06 9.55119e-07 1.59011e-06 0 0
6.999999999904       0.203125 2.59418e-06 2.26397e-07 -3.16219e-05 8.89159e-07 -1.2874e-08 -3.48334e-06 0 0
6.999999999904       0.234375 7.49912e-07 -6.22894e-07 -2.72907e-05 -8.84344e-07 -4.50798e-06 1.34432e-07 0 0
6.999999999904       0.265625 6.68934e-08 1.0105e-06 -2.8374e-05 -8.13379e-07 -1.69067e-05 7.46486e-07 0 0
6.999999999904       0.296875 5.6139e-07 7.46176e-07 -3.30811e-05 -2.69592e-06 3.06089e-07 2.13453e-06 0 0
6.999999999904       0.328125 3.38991e-07 -5.21317e-07 -1.59183e-05 -1.04962e-07 -1.87586e-06 -2.34029e-07 0 0
6.999999999904       0.359375 1.11017e-06 -1.52242e-10 -6.71225e-06 -1.88167e-06 8.53925e-06 7.71493e-07 0 0
6.999999999904       0.390625 8.67557e-07 -7.82005e-07 -4.72623e-06 -8.34557e-08 -1.41933e-06 -7.84101e-07 0 0
6.999999999904       0.421875 1.99154e-06 -5.52183e-07 -4.74427e-06 -2.65182e-06 -5.52262e-06 6.60282e-07 0 0
6.999999999904       0.453125 1.18272e-06 1.10947e-07 -2.38805e-06 -2.25398e-07 -4.9167e-06 -9.57323e-07 0 0
6.999999999904       0.484375 -7.20386e-07 -6.66404e-07 -9.60501e-06 4.00554e-07 9.75064e-06 3.19832e-07 0 0
6.999999999904       0.515625 1.60032e-06 -1.57864e-06 -2.00505e-05 -3.57602e-06 9.94877e-07 1.9757e-06 0 0
6.999999999904       0.546875 1.45599e-07 -3.19301e-07 -9.58126e-06 -1.66024e-06 8.20207e-06 1.51464e-06 0 0
6.999999999904       0.578125 -1.21571e-07 1.01281e-06 -1.34599e-05 -1.3886e-06 5.58996e-06 1.51017e-06 0 0
6.999999999904       0.609375 3.22212e-07 7.14542e-08 -1.26426e-05 -2.53495e-06 -1.00418e-05 2.21274e-06 0 0
6.999999999904       0.640625 -2.86592e-07 -9.05466e-07 -8.61844e-06 9.24686e-07 -6.27724e-06 -6.38094e-07 0 0
6.999999999904       0.671875 6.05924e-07 -6.81977e-07 -1.01539e-05 4.76081e-07 4.59261e-06 -1.082e-06 0 0
6.999999999904       0.703125 7.83117e-07 2.84932e-07 -8.73443e-07 -2.56344e-07 -1.66016e-06 -5.26774e-07 0 0
6.999999999904       0.734375 5.41725e-08 3.50111e-07 -7.37156e-07 -6.93695e-07 -1.4007e-06 6.39523e-07 0 0
6.999999999904       0.765625 -1.50424e-07 1.65441e-07 -6.04245e-06 -9.95909e-07 1.41953e-06 1.14633e-06 0 0
6.999999999904       0.796875 -5.38682e-07 -1.41967e-06 -6.10406e-06 -3.35109e-08 -1.6051e-06 5.72193e-07 0 0
6.999999999904       0.828125 4.12817e-07 -8.20167e-07 -8.86128e-06 -9.41028e-07 2.22378e-06 5.28212e-07 0 0
6.999999999904       0.859375 7.03504e-07 -2.19109e-07 -8.90546e-06 -1.99976e-06 -2.86063e-06 1.29626e-06 0 0
6.999999999904       0.890625 -4.34887e-07 -6.12426e-08 -7.19973e-06 -4.09238e-07 -2.86546e-07 8.44124e-07 0 0
6.999999999904       0.921875 -6.2901e-07 2.93245e-08 -6.17496e-06 3.15559e-07 -1.11519e-06 3.13451e-07 0 0
6.999999999904       0.953125 -6.0872e-07 1.86263e-08 -5.26913e-06 -4.87485e-07 1.13424e-06 1.09621e-06 0 0
6.999999999904       0.984375 -4.68738e-07 -5.86476e-08 -7.18091e-06 -5.26642e-07 6.15107e-07 9.9538e-07 0 0
7.999999999866       0.015625 9.77876e-07 -1.15131e-06 -0.00204543 -5.99427e-06 -1.96789e-05 5.0164e-06 0 0
7.999999999866       0.046875 6.79987e-06 1.93514e-06 -0.000262751 -1.14136e-05 -1.81739e-06 4.61374e-06 0 0
7.999999999866       0.078125 5.34555e-06 -1.09131e-06 -8.49789e-05 -2.103e-06 1.01516e-05 -3.24256e-06 0 0
7.999999999866       0.109375 5.16356e-06 -5.21215e-07 -8.91422e-05 -3.51701e-06 4.10756e-06 -1.64654e-06 0 0
7.999999999866       0.140625 8.33912e-06 -2.19196e-06 -7.31055e-05 -5.85146e-06 5.41691e-06 -2.48765e-06 0 0
7.999999999866       0.171875 3.55939e-06 1.33226e-07 -3.52465e-05 -1.71988e-06 3.51573e-06 -1.83951e-06 0 0
7.999999999866       0.203125 3.36347e-06 9.52055e-07 -4.06901e-05 -3.1196e-07 -4.39445e-06 -3.05151e-06 0 0
7.999999999866       0.234375 1.35987e-06 4.57571e-07 -2.9798e-05 -8.1174e-07 -3.53324e-06 -5.48134e-07 0 0
7.999999999866       0.265625 4.15528e-07 3.59493e-07 -2.40931e-05 3.5051e-08 -1.11288e-05 -4.50579e-07 0 0
7.999999999866       0.296875 1.45362e-06 4.31193e-07 -3.32752e-05 -2.07336e-06 -1.55302e-06 6.19741e-07 0 0
7.999999999866       0.328125 -1.06468e-07 7.41265e-07 -2.43416e-05 5.05884e-07 -4.7673e-07 -3.99416e-07 0 0
7.999999999866       0.359375 7.11506e-07 1.40805e-06 -8.01876e-06 9.43337e-08 1.12445e-06 -8.05839e-07 0 0
7.999999999866       0.390625 6.65255e-07 3.03835e-07 -8.08801e-06 -6.46241e-07 -1.38435e-06 -1.90148e-08 0 0
7.999999999866       0.421875 1.47733e-06 2.04031e-07 -7.44697e-06 -1.04179e-06 -2.00179e-06 -4.35547e-07 0 0
7.999999999866       0.453125 1.02937e-06 -2.22595e-06 -3.88259e-06 -1.1989e-06 1.56201e-06 1.69537e-07 0 0
7.999999999866       0.484375 2.97713e-07 -3.89203e-07 -6.98051e-06 -2.01886e-06 6.81336e-06 1.72114e-06 0 0
7.999999999866       0.515625 6.80123e-07 -1.3539e-07 -7.5686e-06 -1.72365e-07 -3.54883e-06 -5.07758e-07 0 0
7.999999999866       0.546875 3.42257e-07 -5.02125e-07 -6.10748e-06 7.42321e-08 -4.25752e-07 -4.16489e-07 0 0
7.999999999866       0.578125 1.614e-06 1.09625e-06 -7.45499e-06 -7.42447e-08 5.392e-06 -1.53975e-06 0 0
7.999999999866       0.609375 2.06928e-07 2.87275e-07 -1.18824e-05 -1.66867e-06 1.51388e-07 1.46174e-06 0 0
7.999999999866       0.640625 1.00949e-06 -8.88517e-07 -1.23378e-05 -6.33022e-07 1.07911e-06 -3.76468e-07 0 0
7.999999999866       0.671875 1.04864e-07 -5.10676e-07 -1.25553e-05 6.39026e-07 3.88451e-06 -7.4389e-07 0 0
7.999999999866       0.703125 4.85261e-07 1.12336e-06 -6.20688e-06 -3.32054e-08 1.438e-06 -4.52056e-07 0 0
7.999999999866       0.734375 -8.91994e-08 5.01945e-07 -3.3788e-06 1.47499e-07 -4.14856e-06 -5.82998e-08 0 0
7.999999999866       0.765625 -5.16837e-07 5.49273e-07 -2.69483e-06 1.12717e-07 -1.42753e-06 4.0412e-07 0 0
7.999999999866       0.796875 -1.95997e-08 -6.12785e-07 -3.08766e-06 -1.56729e-07 8.40929e-07 1.76329e-07 0 0
7.999999999866       0.828125 1.5932e-06 -4.88539e-07 -3.96577e-06 -1.73993e-06 -6.52976e-07 1.46733e-07 0 0
7.999999999866       0.859375 1.24703e-06 -7.7812e-07 -4.92075e-06 -2.89103e-06 -2.59014e-06 1.644e-06 0 0
7.999999999866       0.890625 -9.09026e-08 -6.19332e-07 -7.54531e-06 -3.03563e-07 -1.92895e-07 3.94466e-07 0 0
7.999999999866       0.921875 -4.01672e-07 -2.94552e-07 -5.28217e-06 1.53275e-07 -1.64254e-06 2.48397e-07 0 0
7.999999999866       0.953125 -7.54537e-07 8.83037e-08 -6.5422e-06 -7.1111e-07 6.55504e-07 1.46565e-06 0 0
7.999999999866       0.984375 -4.26552e-07 1.36152e-07 -1.05138e-05 -7.17644e-07 4.58542e-07 1.1442e-06 0 0
8.999999999828       0.015625 6.32876e-06 3.1213e-06 -0.00200866 -1.24438e-05 -2.23772e-05 6.11501e-06 0 0
8.999999999828       0.046875 8.89084e-06 -2.67805e-06 -0.000254384 -8.71758e-06 6.86172e-06 -1.73262e-07 0 0
8.999999999828       0.078125 4.1738e-06 -1.35402e-06 -0.000103711 -5.50421e-06 1.04808e-05 1.3304e-06 0 0
8.999999999828       0.109375 5.40326e-06 -6.32838e-07 -8.40066e-05 -5.6797e-06 -1.27521e-06 2.76438e-07 0 0
8.999999999828       0.140625 1.88474e-06 -1.44343e-06 -7.10687e-05 -2.1717e-06 3.61016e-06 2.8696e-07 0 0
8.999999999828       0.171875 2.1828e-06 2.01369e-07 -4.4859e-05 -3.65938e-06 4.35388e-06 1.47658e-06 0 0
8.999999999828       0.203125 3.57304e-06 2.33231e-06 -4.28837e-05 -2.29168e-06 -1.21449e-05 -1.28136e-06 0 0
8.999999999828       0.234375 1.90066e-06 7.68597e-07 -3.03931e-05 -3.71139e-06 6.07362e-06 1.81073e-06 0 0
8.999999999828       0.265625 2.10117e-06 1.04461e-06 -1.93261e-05 -2.1438e-06 -3.0943e-06 4.26361e-08 0 0
8.999999999828       0.296875 1.7861e-06 1.00375e-06 -2.55529e-05 -1.03532e-06 -3.74014e-06 -7.50782e-07 0 0
8.999999999828       0.328125 7.87913e-07 1.01612e-06 -3.64351e-05 -2.21232e-06 -2.20647e-06 1.42441e-06 0 0
8.999999999828       0.359375 1.59102e-06 1.66031e-07 -1.24285e-05 -1.79772e-06 -5.64427e-06 2.067e-07 0 0
8.999999999828       0.390625 9.40719e-07 4.94958e-07 -8.53083e-06 -1.91098e-09 5.00868e-06 -9.38808e-07 0 0
8.999999999828       0.421875 6.30627e-07 -1.9881e-07 -1.08775e-05 3.04161e-07 3.83085e-06 -9.34788e-07 0 0
8.999999999828       0.453125 8.75804e-07 -1.33989e-06 -6.90194e-06 1.00039e-06 -4.61211e-07 -1.87619e-06 0 0
8.999999999828       0.484375 2.4466e-07 -1.40053e-06 -6.06746e-06 -1.10107e-07 2.42919e-06 -1.34553e-07 0 0
8.999999999828       0.515625 1.45753e-06 4.28849e-07 3.59318e-06 -4.20069e-07 -2.15835e-06 -1.03746e-06 0 0
8.999999999828       0.546875 5.43303e-07 -1.55626e-07 -7.22779e-06 -7.34116e-07 -9.46807e-07 1.90812e-07 0 0
8.999999999828       0.578125 3.17541e-07 1.08705e-06 -6.19104e-06 -2.18538e-07 2.16425e-06 -9.90027e-08 0 0
8.999999999828       0.609375 5.11825e-08 8.67726e-07 -1.06323e-05 -1.15539e-06 -2.85205e-06 1.1042e-06 0 0
8.999999999828       0.640625 4.57243e-07 3.57021e-07 -1.0979e-05 -3.24737e-07 1.13147e-05 -1.32506e-07 0 0
8.999999999828       0.671875 7.22367e-07 1.31934e-07 -1.20383e-05 1.93561e-07 3.90139e-06 -9.15928e-07 0 0
8.999999999828       0.703125 1.08977e-06 6.86848e-07 -1.13259e-05 -1.34161e-06 2.20722e-06 2.51845e-07 0 0
8.999999999828       0.734375 -6.39978e-08 9.42952e-07 -4.19974e-06 -6.33986e-08 1.52165e-06 1.27396e-07 0 0
8.999999999828       0.765625 1.06399e-09 6.46117e-07 -6.34136e-06 -8.29783e-07 -6.40189e-06 8.28719e-07 0 0
8.999999999828       0.796875 -6.17244e-08 -1.90108e-07 -2.6918e-06 3.87799e-07 -2.09728e-06 -3.26074e-07 0 0
8.999999999828       0.828125 5.14293e-07 1.39097e-07 -1.64879e-06 -8.81879e-07 6.11464e-07 3.67586e-07 0 0
8.999999999828       0.859375 1.00661e-06 -3.4653e-07 -1.08393e-06 -6.98248e-07 -1.89929e-06 -3.08364e-07 0 0
8.999999999828       0.890625 1.24993e-06 -1.05132e-07 -2.46981e-06 -4.37398e-07 -2.9091e-06 -8.12536e-07 0 0
8.999999999828       0.921875 7.04814e-07 -3.85012e-07 -2.59182e-06 -7.43409e-07 -2.27816e-06 3.85957e-08 0 0
8.999999999828       0.953125 5.31444e-08 -3.2095e-07 -5.77565e-06 -1.71218e-06 7.07169e-07 1.65903e-06 0 0
8.999999999828       0.984375 -4.00234e-07 -6.38888e-09 -1.46464e-05 -1.20969e-06 1.0202e-06 1.60992e-06 0 0
9.999999999791       0.015625 2.32291e-06 1.30841e-06 -0.00198205 -1.00145e-05 -1.8091e-05 7.69154e-06 0 0
9.999999999791       0.046875 9.63137e-06 -2.63502e-06 -0.000269058 -1.48355e-05 3.17336e-06 5.20413e-06 0 0
9.999999999791       0.078125 8.58925e-06 3.9647e-06 -9.93247e-05 -8.59388e-06 1.13001e-05 4.62643e-09 0 0
9.999999999791       0.109375 5.67006e-06 -1.74978e-07 -9.65605e-05 -1.09794e-05 -3.56166e-06 5.30935e-06 0 0
9.999999999791       0.140625 5.81275e-06 -1.35673e-06 -6.31244e-05 -7.26389e-06 -2.0509e-06 1.45114e-06 0 0
9.999999999791       0.171875 1.34641e-06 -1.63818e-06 -5.15317e-05 -1.30741e-06 2.76725e-07 -3.8996e-08 0 0
9.999999999791       0.203125 1.5753e-06 8.10457e-07 -4.40122e-05 -1.06545e-06 -1.11718e-05 -5.09842e-07 0 0
9.999999999791       0.234375 2.52344e-06 1.80452e-06 -2.86791e-05 -2.09191e-06 1.71538e-05 -4.31533e-07 0 0
9.999999999791       0.265625 9.9316e-07 6.20688e-07 -2.55823e-05 2.39209e-07 -1.28869e-06 -1.23237e-06 0 0
9.999999999791       0.296875 1.59429e-06 3.46828e-07 -1.97633e-05 -1.32522e-06 -1.29157e-05 -2.69061e-07 0 0
9.999999999791       0.328125 1.59337e-06 -4.57071e-07 -3.14469e-05 -5.80357e-07 -5.66335e-07 -1.01301e-06 0 0
9.999999999791       0.359375 1.98288e-06 -3.3057e-07 -2.10559e-05 -2.01898e-06 1.27191e-06 3.60919e-08 0 0
9.999999999791       0.390625 1.0838e-06 -3.0242e-07 -1.13275e-05 4.21144e-08 1.12918e-05 -1.12591e-06 0 0
9.999999999791       0.421875 2.30549e-06 -5.52343e-07 -9.9691e-06 1.64228e-06 -4.02123e-06 -3.94777e-06 0 0
9.999999999791       0.453125 4.47791e-07 -8.62534e-07 -7.29691e-06 1.69669e-06 -4.4635e-06 -2.14448e-06 0 0
9.999999999791       0.484375 3.13261e-07 -7.72545e-07 -7.13757e-06 -2.12835e-07 -2.0901e-06 -1.00426e-07 0 0
9.999999999791       0.515625 1.01314e-06 1.03575e-06 -1.74662e-06 -4.54829e-07 7.74368e-07 -5.58309e-07 0 0
9.999999999791       0.546875 -1.04496e-08 2.76834e-07 -3.7814e-06 1.85923e-08 3.51876e-06 -8.14269e-09 0 0
9.999999999791       0.578125 1.39175e-06 9.82365e-07 -8.54587e-07 8.45637e-07 4.13936e-06 -2.23739e-06 0 0
9.999999999791       0.609375 4.40339e-07 3.59296e-08 -1.03457e-05 -1.38856e-06 -1.24783e-05 9.48221e-07 0 0
9.999999999791       0.640625 7.22008e-07 -1.1359e-08 -1.25687e-05 6.38999e-07 1.0434e-05 -1.36101e-06 0 0
9.999999999791       0.671875 9.11209e-07 -3.2867e-07 -9.75614e-06 -8.7083e-07 1.31405e-05 -4.03795e-08 0 0
9.999999999791       0.703125 1.46471e-07 5.80152e-07 -1.13411e-05 -3.95278e-07 3.22283e-06 2.48806e-07 0 0
9.999999999791       0.734375 -5.60581e-07 1.65141e-06 -4.75895e-06 -3.10275e-07 4.19309e-06 8.70856e-07 0 0
9.999999999791       0.765625 8.93053e-08 1.32271e-06 -7.5193e-06 -4.45371e-07 -6.64297e-06 3.56065e-07 0 0
9.999999999791       0.796875 -3.00088e-07 5.18197e-07 -3.72419e-06 2.79783e-07 -2.92183e-06 2.03045e-08 0 0
9.999999999791       0.828125 -1.46087e-07 4.06535e-07 -2.72488e-06 1.88939e-07 -1.50992e-06 -4.28528e-08 0 0
9.999999999791       0.859375 3.80067e-07 4.88251e-07 3.29073e-07 -2.36631e-07 -2.7282e-06 -1.43435e-07 0 0
9.999999999791       0.890625 4.80419e-07 3.44518e-07 1.71495e-06 8.35198e-07 -4.02962e-06 -1.31562e-06 0 0
9.999999999791       0.921875 -1.49052e-07 4.37329e-07 -1.41797e-06 8.05172e-07 -3.39207e-06 -6.5612e-07 0 0
9.999999999791       0.953125 -2.69751e-07 2.10048e-07 -1.04422e-06 -6.24706e-07 -7.08453e-07 8.94457e-07 0 0
9.999999999791       0.984375 -9.32967e-07 4.17697e-08 -1.27582e-05 -1.59297e-06 1.81337e-06 2.52593e-06 0 0
