5.999999999942       0.015625 0.00824514 0.000175466 -0.000950603 0.00339561 1.2239e-05 0.000541777 2.27374e-13 -2.84217e-14 4.63084e-15 1.01863e-10 0.000107485 0.00123471 5.41467e-06 0.0152038 0.00810406 -0.000378184
5.999999999942       0.046875 0.00923496 -0.00027448 -0.0016932 0.00469379 0.000207726 0.00195935 -2.84217e-13 1.24345e-14 6.46531e-15 -8.73115e-11 -0.000100824 0.00194522 8.50966e-05 0.00499617 -0.00868209 -0.000234097
5.999999999942       0.078125 0.00909644 -0.000335178 -0.00188098 0.00338436 6.54708e-05 0.0023165 -8.52651e-13 -8.88178e-15 -1.07032e-15 -1.16415e-10 -0.000130514 0.00147844 2.39913e-05 0.00571009 -0.00533161 0.000980248
5.999999999942       0.109375 0.00621052 -5.04868e-05 -0.00149454 0.0028213 -0.000179647 0.0020745 5.11591e-13 5.71765e-15 2.4411e-14 1.01863e-10 -3.09782e-05 0.00129016 -8.70778e-05 0.00588208 -0.00242432 0.000798099
5.999999999942       0.140625 0.00654856 0.000404026 -0.00123209 0.00248936 -8.80211e-05 0.0015293 4.54747e-13 -3.73035e-14 2.3731e-15 1.16415e-10 0.000156622 0.00114995 -3.31991e-05 0.0119518 -0.000393006 -8.30983e-05
5.999999999942       0.171875 0.00534874 4.08845e-05 -0.000999168 0.00209499 -0.000140469 0.00130422 6.25278e-13 7.32747e-15 -1.46966e-14 -5.82077e-11 1.54366e-05 0.00101063 -6.49686e-05 0.00380168 0.00106609 0.000638372
5.999999999942       0.203125 0.00460986 0.000124474 -0.000990666 0.00199679 -0.000170157 0.00129986 -6.82121e-13 3.77476e-15 -2.3731e-15 -2.61934e-10 6.2028e-05 0.000977523 -8.26537e-05 -0.000492785 -0.00237598 0.00153893
5.999999999942       0.234375 0.00331841 4.04893e-05 -0.000772751 0.00193698 1.2276e-06 0.00133216 -1.13687e-13 -2.63956e-14 2.97262e-14 2.91038e-11 3.53434e-05 0.000984226 4.85308e-07 0.00098085 0.00374209 0.00300013
5.999999999942       0.265625 0.00299083 4.79922e-06 -0.000622103 0.00177926 0.000126408 0.00147395 2.27374e-13 2.66454e-15 2.38143e-14 1.30967e-10 3.1994e-05 0.000938078 5.98438e-05 0.000790743 0.0063686 0.00389633
5.999999999942       0.296875 0.00299554 0.000137157 -0.000491976 0.00236602 4.16149e-05 0.00161291 5.68434e-14 -1.86517e-14 -5.2458e-15 7.27596e-11 8.87299e-05 0.00127176 1.14495e-05 0.00604724 0.00961664 0.00181321
5.999999999942       0.328125 0.00365795 0.000510845 -0.000826399 0.00220094 -6.0191e-06 0.0018278 6.82121e-13 -3.55271e-15 -1.30729e-14 -1.74623e-10 0.000313889 0.00119423 -1.6388e-05 0.0110543 0.0116815 -0.00193569
5.999999999942       0.359375 0.00384973 0.000519794 -0.0010109 0.00217534 -0.000156179 0.00201932 -4.54747e-13 2.66454e-15 4.55191e-15 -1.74623e-10 0.000319974 0.00117107 -0.000100503 0.0121849 0.0132352 -0.00524671
5.999999999942       0.390625 0.00435102 0.000391887 -0.00116601 0.00237135 -5.83966e-05 0.00212511 2.84217e-13 2.75335e-14 -4.77396e-15 2.91038e-10 0.000234074 0.00127525 -3.30698e-05 0.0141008 0.0109324 -0.00703032
5.999999999942       0.421875 0.00451142 0.000298104 -0.00130488 0.00219455 0.00013552 0.00221289 -1.7053e-13 -7.99361e-15 4.64906e-15 2.91038e-11 0.000196035 0.00121217 6.37367e-05 0.00996097 0.0104349 -0.00699312
5.999999999942       0.453125 0.00536203 -0.000206099 -0.00176829 0.00158637 0.000184746 0.00256209 7.38964e-13 -2.13163e-14 -3.93297e-14 5.82077e-11 -6.13704e-05 0.000871537 8.40423e-05 0.00753602 0.00868791 -0.0059401
5.999999999942       0.484375 0.00428506 0.000162991 -0.0017426 0.00158625 0.000144808 0.00267838 -5.68434e-13 6.21725e-15 -2.04628e-14 -1.01863e-10 0.00010456 0.000865792 7.08904e-05 0.00505799 0.00132485 -0.00541262
5.999999999942       0.515625 0.00436379 0.000371977 -0.00200932 0.00188049 0.000175881 0.00275927 -2.84217e-13 3.13499e-14 -3.34593e-14 0 0.000186176 0.00101725 0.000104773 0.00241504 0.000648806 -0.00478679
5.999999999942       0.546875 0.00459307 0.000421012 -0.00163718 0.00191284 5.59177e-05 0.00276343 1.13687e-13 4.44089e-15 1.75866e-14 2.03727e-10 0.00021156 0.00102555 3.31531e-05 0.00109108 0.00185173 -0.0034884
5.999999999942       0.578125 0.00331782 0.000168711 -0.00141217 0.00168308 0.000144595 0.0027796 -2.27374e-13 2.79776e-14 -4.83294e-15 -1.74623e-10 7.79052e-05 0.000906108 8.00429e-05 0.00369368 0.000506006 -0.00288647
5.999999999942       0.609375 0.00431232 0.000128667 -0.00162701 0.00126765 -4.42384e-06 0.0026042 1.7053e-13 8.88178e-16 -2.41387e-15 -2.18279e-10 6.09201e-05 0.000696468 -7.73432e-07 0.00346419 0.000963025 -0.00249047
5.999999999942       0.640625 0.00471941 0.000243342 -0.00177559 0.00131349 -0.000241138 0.00252424 -3.97904e-13 5.55112e-15 2.32904e-14 -1.89175e-10 0.000141642 0.000719751 -0.000138338 0.000711175 0.000868162 -0.00166798
5.999999999942       0.671875 0.0046786 0.000317822 -0.00196907 0.00122667 -0.000181197 0.00223427 -3.41061e-13 5.32907e-15 -6.02296e-15 1.60071e-10 0.000185133 0.000695175 -0.000106365 -0.00133109 -9.24069e-05 -0.000986913
5.999999999942       0.703125 0.00462136 0.000414507 -0.00201324 0.00110267 -0.000151926 0.00194237 -1.7053e-13 -1.43219e-14 2.54657e-14 -5.82077e-11 0.00022997 0.000635683 -8.29408e-05 -0.00235144 0.000937612 -0.00149651
5.999999999942       0.734375 0.00391257 0.000328382 -0.00165221 0.00104062 -9.41628e-05 0.00186624 1.7053e-13 -1.08802e-14 3.05173e-14 2.03727e-10 0.000191567 0.000600938 -5.49349e-05 -0.000476809 0.00297815 -0.00304213
5.999999999942       0.765625 0.00378128 -0.00019311 -0.00172823 0.00122314 0.000154714 0.00177737 -5.68434e-14 2.39808e-14 -1.77636e-15 5.82077e-11 -9.95217e-05 0.000711909 8.70308e-05 -0.00129335 0.00654016 -0.00445168
5.999999999942       0.796875 0.00276173 -2.5897e-05 -0.00138277 0.0011082 -4.48774e-06 0.0015528 1.13687e-13 3.77476e-15 -2.77556e-16 -2.91038e-10 -1.60799e-05 0.000648419 3.0949e-06 -0.000522137 0.00672138 -0.00468969
5.999999999942       0.828125 0.00184593 -7.02914e-05 -0.00104004 0.000952872 0.000158964 0.00126658 -1.13687e-13 9.65894e-15 -1.05471e-14 -5.82077e-11 -4.15113e-05 0.000562483 9.59327e-05 -0.00174011 0.00264199 -0.00334895
5.999999999942       0.859375 0.00148214 -0.000105355 -0.000840404 0.000932716 0.000187675 0.00101328 8.52651e-13 1.28786e-14 8.65974e-15 -3.20142e-10 -6.07539e-05 0.000557191 0.000112589 -0.00138539 0.000166975 -0.00158133
5.999999999942       0.890625 0.00127626 -2.9237e-06 -0.00065389 0.00074141 8.12904e-05 0.000744152 3.97904e-13 1.64313e-14 6.18949e-15 1.30967e-10 3.0742e-08 0.000445425 4.89318e-05 -0.000192761 -0.000972698 -0.000797321
5.999999999942       0.921875 0.00110259 -4.02041e-05 -0.000427224 0.000485109 5.47809e-05 0.000463403 -3.97904e-13 -5.32907e-15 -2.35645e-14 1.01863e-10 -1.92869e-05 0.000293752 3.26006e-05 0.000163608 -0.0029314 -0.000917483
5.999999999942       0.953125 0.000877337 -0.00012696 -0.000174419 0.000498838 4.0141e-05 0.000222482 -6.82121e-13 -4.88498e-15 -8.27116e-15 -1.30967e-10 -7.20104e-05 0.000301574 2.31669e-05 0.000187416 -0.00311669 -0.000815752
5.999999999942       0.984375 0.000770328 -7.47749e-05 -3.81814e-05 0.000616924 1.4975e-05 3.46394e-05 1.36424e-12 3.10862e-14 9.08995e-16 3.20142e-10 -4.46447e-05 0.000375185 9.01725e-06 0.000653765 -0.0051923 -0.000307773
6.999999999904       0.015625 0.00805175 -5.53345e-05 -0.000983059 0.00265412 4.27773e-05 0.000518768 -1.42109e-13 -2.35367e-14 6.10796e-15 -1.45519e-11 -1.51657e-05 0.000970928 1.84844e-05 0.0126706 0.000275156 -0.000221969
6.999999999904       0.046875 0.00835197 -0.000638771 -0.00173847 0.00316728 -0.000124965 0.00190503 3.12639e-13 1.15463e-14 3.93435e-15 5.82077e-11 -0.000217423 0.00132927 -7.12979e-05 0.0116042 -0.0086695 -0.0010863
6.999999999904       0.078125 0.00622226 -0.000149468 -0.00162014 0.00326616 -0.000211282 0.00235583 -3.97904e-13 1.77636e-15 -5.96745e-15 -8.73115e-11 -5.84388e-05 0.00142801 -9.37658e-05 0.00314168 0.00209396 -0.00217401
6.999999999904       0.109375 0.00596653 -0.000440694 -0.0011827 0.00245564 8.33607e-05 0.00194211 5.68434e-14 -5.60663e-15 -1.66533e-15 -2.03727e-10 -0.000207661 0.00110314 4.1232e-05 0.00774065 0.00399335 -0.0024957
6.999999999904       0.140625 0.00658374 0.000239018 -0.00162812 0.00238553 -0.000149961 0.00183696 -1.7053e-13 -1.32117e-14 -7.23033e-15 -1.16415e-10 0.000107522 0.00112566 -7.51175e-05 0.00463234 -0.0017167 -0.00125326
6.999999999904       0.171875 0.00519673 6.33117e-05 -0.00122282 0.00172143 -9.58263e-05 0.00161761 -6.82121e-13 1.59872e-14 1.80272e-14 -1.01863e-10 2.25214e-05 0.000823329 -4.32302e-05 0.00394149 0.00314523 0.000718114
6.999999999904       0.203125 0.00480869 -1.02344e-05 -0.00106617 0.00189192 -0.00011502 0.00136432 -1.13687e-12 -8.88178e-16 7.63278e-16 -1.30967e-10 -5.73359e-06 0.000934989 -5.65519e-05 0.00345439 0.00348662 0.000799739
6.999999999904       0.234375 0.00358737 0.000167209 -0.000961422 0.0019234 -0.000146199 0.00136023 -8.52651e-13 -3.79141e-14 -2.20657e-15 -1.89175e-10 0.000107052 0.000976867 -8.21564e-05 0.00427061 0.00242557 -0.000116496
6.999999999904       0.265625 0.00323749 0.000227024 -0.000701514 0.00169776 -0.000121921 0.00130042 9.66338e-13 -1.86517e-14 1.21153e-14 4.36557e-11 0.00015898 0.000902758 -7.15624e-05 0.0105278 0.00251731 -0.000596304
6.999999999904       0.296875 0.00330779 0.000232685 -0.000626308 0.00188275 3.9837e-05 0.00157677 -1.7053e-13 -1.77636e-15 3.10862e-15 -8.73115e-11 0.000140451 0.00101056 9.78068e-06 0.0114919 0.00437559 -0.000226814
6.999999999904       0.328125 0.00354245 0.000417743 -0.000783631 0.00190775 3.90677e-05 0.00186697 4.54747e-13 -1.15463e-14 8.82627e-15 -1.45519e-11 0.000272177 0.00105408 7.06886e-06 0.0104879 0.000861646 0.000421628
6.999999999904       0.359375 0.00338164 0.000344214 -0.000788324 0.00209687 4.43605e-05 0.00184386 0 2.30926e-14 -1.1352e-14 -1.30967e-10 0.000212077 0.00113544 2.18748e-05 0.00885959 0.00314721 0.000810996
6.999999999904       0.390625 0.00408723 0.000160003 -0.00103593 0.00194748 4.19335e-05 0.00199556 -2.27374e-13 5.77316e-15 -3.46112e-14 -1.01863e-10 0.00011255 0.00105347 1.62196e-05 0.00741714 0.00505494 0.000771857
6.999999999904       0.421875 0.00394806 0.000262978 -0.00143352 0.00181915 -1.44311e-05 0.00237293 5.68434e-14 -4.44089e-15 4.66294e-15 1.16415e-10 0.00017062 0.00101014 -2.03861e-05 0.00386941 0.00665993 -0.000498921
6.999999999904       0.453125 0.00459205 -0.0001267 -0.00158326 0.00163877 0.000155602 0.00273897 -2.27374e-13 8.88178e-16 -1.10467e-14 1.30967e-10 -3.77542e-05 0.000910932 7.43678e-05 0.00300462 0.00708173 -0.00325043
6.999999999904       0.484375 0.00409165 -0.000153336 -0.00168529 0.00155388 0.0001906 0.0027561 0 3.08642e-14 -4.19109e-15 -1.01863e-10 -6.1743e-05 0.00085145 8.57266e-05 0.00107814 0.00192989 -0.00607443
6.999999999904       0.515625 0.00434849 -0.000150153 -0.00184687 0.00149197 0.000303816 0.00266366 -6.25278e-13 2.64233e-14 -1.46272e-14 8.73115e-11 -7.63315e-05 0.000818458 0.000156168 0.00154387 3.81093e-07 -0.00799488
6.999999999904       0.546875 0.00473794 0.000308403 -0.00184127 0.00195296 -5.7784e-05 0.00241411 -5.11591e-13 -9.76996e-15 -2.3509e-14 -1.74623e-10 0.000147362 0.0010606 -2.14805e-05 0.000347253 -0.00207194 -0.00868446
6.999999999904       0.578125 0.00448805 0.000847966 -0.00184365 0.00158017 -0.000319998 0.00238808 0 -1.02141e-14 2.57849e-14 -5.82077e-11 0.000431541 0.000846679 -0.000166312 0.00270583 -0.000671755 -0.00901158
6.999999999904       0.609375 0.00420623 0.00048679 -0.00137108 0.00121953 -0.000321062 0.00235901 -1.13687e-13 7.74381e-15 -3.1336e-14 8.73115e-11 0.000266854 0.000672117 -0.000186092 0.00334954 0.00105129 -0.00920104
6.999999999904       0.640625 0.00373019 0.000219081 -0.00135047 0.00162732 -0.000377498 0.00229724 2.84217e-13 -1.77636e-15 -1.29619e-14 1.45519e-10 0.000120022 0.000905157 -0.000215013 0.00299006 0.00297067 -0.00828984
6.999999999904       0.671875 0.0033592 0.000155546 -0.00141577 0.00149458 -0.000268302 0.00215672 -6.82121e-13 3.68629e-14 -5.82867e-15 5.82077e-11 7.38042e-05 0.000823813 -0.000142945 0.000311695 0.00250212 -0.00599146
6.999999999904       0.703125 0.00376217 0.00021642 -0.00158585 0.00135874 -6.23821e-06 0.00213723 3.97904e-13 -1.83187e-14 2.18575e-14 1.30967e-10 0.000131801 0.000772145 -7.89364e-06 -8.44491e-05 3.04269e-05 -0.00346821
6.999999999904       0.734375 0.00389794 0.000286408 -0.00176022 0.000947607 -5.3354e-05 0.0021349 -5.68434e-13 1.02141e-14 2.15383e-14 1.45519e-11 0.00016067 0.000551629 -2.85178e-05 -0.000434466 -0.000817323 -0.00246069
6.999999999904       0.765625 0.00382236 5.80705e-05 -0.00185406 0.00122454 -3.78688e-05 0.00203357 -6.25278e-13 1.55431e-14 3.19536e-14 -1.30967e-10 2.49052e-05 0.000710759 -1.1795e-05 0.000426371 -0.000302343 -0.00338633
6.999999999904       0.796875 0.00365173 -0.000204066 -0.00182859 0.00107632 0.000144512 0.00192463 3.41061e-13 -3.77476e-15 2.17187e-14 1.30967e-10 -0.000106621 0.000635625 7.83911e-05 0.00418196 -0.000609389 -0.0054783
6.999999999904       0.828125 0.00309995 -0.000199259 -0.00161238 0.000986006 0.000171877 0.00170267 -1.19371e-12 -6.55032e-15 -2.47198e-15 -3.92902e-10 -0.000115492 0.000571208 0.000102779 0.00667254 0.000267245 -0.00706384
6.999999999904       0.859375 0.00215185 -9.69076e-05 -0.00121573 0.000945654 5.68977e-05 0.001368 3.97904e-13 2.70894e-14 -6.13745e-15 1.74623e-10 -5.96976e-05 0.000548817 3.78519e-05 0.00586549 0.00121333 -0.00689314
6.999999999904       0.890625 0.00162108 -0.000129238 -0.000894033 0.000869469 0.00012258 0.00100276 2.27374e-13 5.77316e-15 -4.00374e-15 2.91038e-11 -7.81302e-05 0.000513527 7.50987e-05 0.00438315 -5.3987e-05 -0.00537901
6.999999999904       0.921875 0.00125019 -5.62779e-05 -0.000604643 0.000691048 0.000109739 0.000623981 5.68434e-14 -2.04281e-14 -1.21431e-16 -5.82077e-11 -3.27201e-05 0.000414078 6.59506e-05 0.00322842 0.00170525 -0.0037222
6.999999999904       0.953125 0.00100365 -0.000110284 -0.000275059 0.000710522 8.19746e-05 0.000304769 -7.95808e-13 -7.32747e-15 -1.41575e-15 -1.01863e-10 -6.23926e-05 0.000429342 4.90447e-05 0.00028077 0.00589699 -0.00219091
6.999999999904       0.984375 0.000912922 -4.90805e-05 -5.195e-05 0.000907228 2.94505e-05 4.70148e-05 6.25278e-13 4.81837e-14 -2.36616e-15 1.45519e-10 -2.81403e-05 0.000554799 1.82432e-05 -0.00183715 0.00728243 -0.000700894
7.999999999866       0.015625 0.0069042 -0.000300089 -0.000822708 0.00241952 1.62226e-05 0.00057326 8.52651e-14 -2.13163e-14 -5.80438e-15 -1.45519e-10 -8.31664e-05 0.000893813 2.30156e-06 -0.0059778 -0.00179712 0.000514883
7.999999999866       0.046875 0.00685181 -0.000554106 -0.00140628 0.00272584 -0.000133823 0.00179133 6.25278e-13 1.59872e-14 -4.41314e-15 -5.82077e-11 -0.00019563 0.00111625 -5.72497e-05 -0.00441028 -0.0013092 0.000657072
7.999999999866       0.078125 0.00537884 -0.000381058 -0.00136111 0.00315771 0.000212614 0.00187826 -1.7053e-13 -2.42029e-14 -2.24751e-14 2.47383e-10 -0.000160316 0.00133797 8.89374e-05 0.00210244 -0.00241421 0.000629058
7.999999999866       0.109375 0.00537059 -9.10072e-05 -0.00126725 0.0026073 6.24306e-05 0.0018933 2.84217e-13 7.32747e-15 -4.05231e-15 -4.36557e-11 -5.94222e-05 0.00118762 2.89983e-05 0.000414746 -0.0026611 0.000505497
7.999999999866       0.140625 0.00542999 -0.000202667 -0.00126031 0.00263137 -6.00477e-05 0.00184357 -6.82121e-13 -1.16573e-15 1.76109e-14 -1.74623e-10 -0.000102634 0.0012401 -2.50189e-05 0.00125592 -0.00563545 0.00137748
7.999999999866       0.171875 0.00503361 2.33616e-05 -0.00131274 0.00200959 8.50344e-05 0.00164943 -1.13687e-13 2.10942e-14 1.08108e-14 7.27596e-11 6.77971e-06 0.000960612 4.3346e-05 -0.00790167 -0.000890536 0.00347683
7.999999999866       0.203125 0.00458827 0.000177119 -0.00117078 0.00204773 -5.60732e-05 0.00147506 -1.7053e-13 -2.94209e-15 1.13104e-14 -1.16415e-10 9.09947e-05 0.0010247 -2.7824e-05 -0.00864012 0.00183965 0.00481619
7.999999999866       0.234375 0.00363026 0.000512014 -0.00117389 0.00209232 -0.000263973 0.00151477 -1.02318e-12 -2.02546e-14 4.08007e-15 -1.01863e-10 0.000278927 0.00104235 -0.000139764 -0.0100135 -0.00410221 0.00546586
7.999999999866       0.265625 0.00416441 0.00034266 -0.0014371 0.00161585 -0.000169133 0.00161799 2.84217e-13 -2.30926e-14 2.23432e-15 -1.45519e-11 0.000231037 0.00085447 -0.000106026 -0.0148447 -0.00359526 0.00582475
7.999999999866       0.296875 0.00375314 0.00033272 -0.000910559 0.00169076 -7.71303e-05 0.00163025 3.97904e-13 -1.37668e-14 2.38976e-14 3.0559e-10 0.000208301 0.000915617 -5.64653e-05 -0.00693462 -0.0064569 0.00523261
7.999999999866       0.328125 0.0035635 0.000176203 -0.000771374 0.00179714 9.22774e-05 0.00164326 -6.82121e-13 -2.66454e-14 2.42306e-14 -5.82077e-11 0.000132836 0.000998233 3.35413e-05 -0.000592452 -0.00638285 0.0039434
7.999999999866       0.359375 0.00333659 0.00020869 -0.000889299 0.00162617 0.000146007 0.00182346 9.09495e-13 9.76996e-15 -1.07969e-14 2.03727e-10 0.000140942 0.000889154 7.18951e-05 -0.00423175 -0.00603327 0.00276514
7.999999999866       0.390625 0.00345652 0.000572969 -0.000959561 0.00190872 -0.000193086 0.00212281 1.02318e-12 3.4639e-14 -2.81164e-14 1.16415e-10 0.000326937 0.00104577 -0.00011325 8.73117e-05 -0.00431978 0.00223433
7.999999999866       0.421875 0.00335048 0.000273614 -0.00102579 0.00180972 -0.000108184 0.00245479 -2.84217e-13 2.04281e-14 -6.57807e-15 2.91038e-11 0.000173047 0.00101388 -7.59838e-05 0.00138237 -0.00546915 0.00166326
7.999999999866       0.453125 0.00414886 -0.000146596 -0.00142175 0.00155689 0.000117847 0.00256976 -3.41061e-13 6.66134e-15 8.60423e-15 -2.03727e-10 -5.20144e-05 0.000877648 4.72505e-05 0.00213932 -0.00317884 0.000968471
7.999999999866       0.484375 0.00416505 -0.000169684 -0.00183664 0.00134398 0.000156503 0.00248397 -6.82121e-13 1.77636e-14 9.10383e-15 -8.73115e-11 -9.17196e-05 0.000741896 7.45429e-05 0.00255234 0.0013229 0.000673815
7.999999999866       0.515625 0.00458712 -9.83228e-05 -0.00190736 0.00118631 0.000150183 0.00242695 -2.27374e-13 1.24345e-14 -1.82909e-14 1.45519e-10 -4.44261e-05 0.000656653 7.1862e-05 0.00125043 0.00408184 0.000582546
7.999999999866       0.546875 0.00432804 0.000175633 -0.00161889 0.00157821 5.29007e-05 0.00215788 -1.76215e-12 -1.33227e-15 -1.36002e-14 -2.91038e-10 0.000101359 0.000879976 1.95892e-05 0.0016014 0.00553258 0.000546975
7.999999999866       0.578125 0.00458111 0.000657755 -0.00167293 0.00154524 -0.000118536 0.0021361 3.97904e-13 -1.63758e-14 -4.88498e-15 1.45519e-11 0.000355164 0.000846704 -7.24272e-05 0.00747836 0.00404099 0.000671833
7.999999999866       0.609375 0.00439552 0.000786488 -0.00154158 0.00139987 -0.000451239 0.00220635 1.7053e-13 3.60822e-15 -4.65739e-14 -7.27596e-11 0.000441017 0.000780982 -0.000252804 0.00986826 -0.000538686 0.000654996
7.999999999866       0.640625 0.00372268 0.000468492 -0.00143862 0.00156144 -0.000415785 0.00219591 1.13687e-12 1.30174e-14 -8.38218e-15 -4.36557e-11 0.000252613 0.00087676 -0.000230833 0.00958463 0.00116583 0.000198402
7.999999999866       0.671875 0.00335234 9.65873e-05 -0.001368 0.00153965 -0.000180947 0.00203991 3.41061e-13 2.91989e-14 -5.55112e-17 1.16415e-10 4.89782e-05 0.000863739 -9.844e-05 0.0112153 0.00087934 -0.00085725
7.999999999866       0.703125 0.00282786 0.000346531 -0.00120281 0.00187721 -0.000386256 0.00210787 -1.7053e-13 1.66533e-15 -7.71605e-15 1.30967e-10 0.000190784 0.00105236 -0.000208504 0.00745796 0.000583947 -0.00283745
7.999999999866       0.734375 0.00300905 0.000159223 -0.00140579 0.00127098 1.63846e-06 0.00225493 -7.38964e-13 3.01148e-15 1.25455e-14 -1.60071e-10 8.31078e-05 0.000730613 5.64727e-06 0.00965789 0.00286257 -0.00551609
7.999999999866       0.765625 0.00286718 7.14472e-05 -0.00149078 0.00122331 8.35416e-05 0.00221622 0 9.54792e-15 -2.66454e-15 1.30967e-10 3.89682e-05 0.000712015 4.55493e-05 0.0100319 0.00524347 -0.00784125
7.999999999866       0.796875 0.00299536 -1.46626e-05 -0.00158981 0.000978143 -8.28011e-06 0.00213225 4.54747e-13 1.57652e-14 -5.32074e-14 0 -2.05009e-06 0.000575425 -5.58772e-06 0.0120939 0.00368781 -0.00914294
7.999999999866       0.828125 0.0032792 -0.000194421 -0.00168619 0.00082649 9.33702e-05 0.00196038 -2.84217e-13 3.88578e-15 2.09277e-14 -1.45519e-11 -0.000105211 0.000481916 4.99164e-05 0.00966837 0.000992928 -0.00790301
7.999999999866       0.859375 0.0031955 -0.000178725 -0.00153478 0.00087094 0.0001157 0.0016723 1.13687e-13 2.44249e-14 1.75415e-14 0 -0.000103916 0.000504556 6.63289e-05 0.0059404 -0.00033446 -0.00446925
7.999999999866       0.890625 0.0025148 -0.0001854 -0.0012733 0.00101781 0.000200602 0.00128163 5.11591e-13 6.88338e-15 9.4369e-16 7.27596e-11 -0.000114926 0.000590416 0.000120404 0.00390791 0.000641637 -0.00169992
7.999999999866       0.921875 0.00176631 -5.82792e-05 -0.00086509 0.00102705 0.000118293 0.000840312 1.13687e-13 -2.9754e-14 2.33008e-14 8.73115e-11 -4.07214e-05 0.00059863 7.2381e-05 0.0026459 0.00441315 -0.000582602
7.999999999866       0.953125 0.00124407 -0.000107236 -0.000442514 0.00104772 7.93843e-05 0.000425674 5.11591e-13 -4.88498e-15 1.12341e-14 7.27596e-11 -6.46181e-05 0.000628069 4.77497e-05 0.00443812 0.00486339 -0.000110224
7.999999999866       0.984375 0.00101504 -4.73778e-05 -8.14882e-05 0.00127332 2.56489e-05 6.53082e-05 1.13687e-12 4.70735e-14 -4.74273e-15 4.36557e-11 -2.63814e-05 0.000781193 1.61261e-05 0.00780324 0.00471924 3.40096e-06
8.999999999828       0.015625 0.00519647 -0.000235282 -0.000735848 0.00255328 1.23022e-05 0.00048509 -5.68434e-14 3.9968e-15 2.24473e-15 -7.27596e-11 -5.70994e-05 0.000941665 3.39694e-06 0.00543619 -0.0031365 0.000364738
8.999999999828       0.046875 0.00675001 -0.000337034 -0.00154153 0.00230175 1.29429e-06 0.00154961 -3.41061e-13 -2.66454e-15 -5.46785e-15 4.36557e-11 -0.000132583 0.000935974 -3.33244e-06 0.000144516 0.00203199 0.000594782
8.999999999828       0.078125 0.00501784 -0.00015359 -0.00133788 0.00268402 3.27188e-05 0.00176866 -2.27374e-13 -6.99441e-15 -2.09555e-15 1.30967e-10 -5.95868e-05 0.0011584 1.60835e-05 0.00266307 0.00150532 0.000887197
8.999999999828       0.109375 0.00529401 -0.000447948 -0.00132964 0.00270377 0.000124099 0.00168286 -2.27374e-13 -1.19904e-14 2.46192e-14 -8.73115e-11 -0.000200018 0.00123154 5.42366e-05 0.00051665 0.00126682 0.0016276
8.999999999828       0.140625 0.00519126 -0.000285744 -0.00112415 0.00259849 1.34152e-05 0.0015528 -1.13687e-13 1.66533e-15 -1.46411e-15 -1.74623e-10 -0.000156143 0.00121251 1.02719e-05 -0.00413433 0.00232162 0.00232648
8.999999999828       0.171875 0.00455407 -7.67062e-05 -0.00110345 0.00212698 -7.65255e-05 0.001514 -5.68434e-14 1.02141e-14 -3.32373e-15 -7.27596e-11 -4.3612e-05 0.00101471 -2.92939e-05 -0.00737189 -0.00240871 0.00252737
8.999999999828       0.203125 0.00475093 0.000176841 -0.00148444 0.00194109 -0.000360381 0.00160859 -3.97904e-13 -1.75415e-14 1.44502e-14 -1.45519e-10 9.45869e-05 0.000965098 -0.000183365 -0.00459897 -0.000855683 0.00254578
8.999999999828       0.234375 0.00371124 0.000720069 -0.00114328 0.00222441 -0.000500499 0.00161681 -6.25278e-13 -1.60427e-14 1.59699e-14 2.91038e-11 0.000384663 0.00111685 -0.000257074 0.00106688 -0.00294047 0.00252312
8.999999999828       0.265625 0.00419086 0.000264241 -0.00135349 0.00182295 -0.000271048 0.001537 -3.41061e-13 -9.99201e-15 1.10849e-14 4.36557e-11 0.000167707 0.000941088 -0.000145906 0.0011797 -0.00669433 0.0026
8.999999999828       0.296875 0.00416394 -4.56735e-05 -0.0011998 0.00170358 -0.000115649 0.0015589 0 -3.64153e-14 -1.18863e-14 -1.16415e-10 -4.82346e-06 0.000902971 -6.30706e-05 -0.000971071 -0.00638683 0.00322678
8.999999999828       0.328125 0.00368974 0.000267083 -0.000976508 0.00165591 -0.000189187 0.00171595 2.27374e-13 -1.5099e-14 4.17721e-15 1.45519e-10 0.00017291 0.000907559 -0.00011528 -0.00297633 -0.00788907 0.00395658
8.999999999828       0.359375 0.00359479 0.000294855 -0.00103637 0.00175333 -0.000279336 0.001815 1.13687e-12 3.01981e-14 -6.95971e-15 5.82077e-11 0.000205339 0.000984061 -0.000176364 -0.000989878 -0.00502385 0.00440387
8.999999999828       0.390625 0.00336279 0.000298809 -0.00109965 0.00192644 -0.000118287 0.00188855 3.97904e-13 3.24185e-14 9.64506e-15 2.47383e-10 0.000185145 0.00106413 -8.05238e-05 -0.00330795 -0.00128771 0.00453502
8.999999999828       0.421875 0.00349817 4.78953e-05 -0.00116016 0.00144692 0.000117472 0.00223251 -3.97904e-13 -3.9968e-15 -1.72362e-14 -1.45519e-11 4.20543e-05 0.000804303 5.96975e-05 -0.00290522 -0.000983678 0.00432756
8.999999999828       0.453125 0.00349423 -0.00041964 -0.001174 0.00169831 0.000116016 0.002281 2.27374e-13 1.02141e-14 -1.58207e-15 0 -0.000219052 0.000959677 6.21102e-05 -6.91361e-05 -0.00142371 0.00288749
8.999999999828       0.484375 0.00374917 -0.000187004 -0.00147946 0.00124712 6.04165e-05 0.00211497 1.42109e-12 2.30926e-14 1.02696e-15 3.0559e-10 -9.79535e-05 0.000699635 2.47081e-05 -0.00268529 -0.00173919 0.00137931
8.999999999828       0.515625 0.0038791 0.00029495 -0.00150875 0.000955116 -0.000140378 0.00217364 -1.13687e-13 1.11022e-14 -4.27436e-15 1.45519e-11 0.000179326 0.000531706 -8.91705e-05 -0.000569831 -0.00220935 0.000522701
8.999999999828       0.546875 0.00444771 8.93081e-05 -0.00158768 0.00122167 -9.4676e-05 0.00207317 2.84217e-13 -1.42109e-14 2.80331e-15 -1.45519e-11 5.97554e-05 0.000677276 -6.13456e-05 -0.001142 0.000693171 -0.000212729
8.999999999828       0.578125 0.00453954 0.000371489 -0.00155708 0.001306 -4.41338e-05 0.00212757 2.27374e-13 0 -4.17721e-14 -4.36557e-11 0.000213477 0.000717268 -3.87256e-05 0.000936331 0.000819933 -0.000460088
8.999999999828       0.609375 0.00419198 0.000399953 -0.00146404 0.00120417 -7.47266e-05 0.0021248 2.27374e-13 1.9984e-14 3.02536e-15 -5.82077e-11 0.000243278 0.000685929 -4.94884e-05 0.00581707 -0.00123497 -0.000825909
8.999999999828       0.640625 0.00356306 0.000729055 -0.00140384 0.00156233 -0.000447872 0.00214962 5.68434e-13 -4.70457e-15 1.58207e-15 -1.89175e-10 0.000400449 0.000875677 -0.000255221 0.00698208 3.70071e-05 -0.00139847
8.999999999828       0.671875 0.00342378 0.00035456 -0.00127854 0.00172737 -0.000346493 0.00208845 2.84217e-13 1.17684e-14 2.35922e-15 1.60071e-10 0.000202905 0.000968434 -0.000200098 0.00788203 -0.00326643 -0.00171592
8.999999999828       0.703125 0.00283735 0.000388029 -0.00123272 0.00175148 -0.000325803 0.0020826 1.13687e-13 3.41949e-14 -5.01821e-14 2.76486e-10 0.000218659 0.000991237 -0.000190491 0.00548907 -0.00443531 -0.00138316
8.999999999828       0.734375 0.00293145 0.000335414 -0.00121965 0.00133094 -0.000172506 0.00205963 -4.54747e-13 -3.9968e-15 -3.93852e-14 -4.36557e-11 0.000178889 0.00075758 -9.30606e-05 0.0017378 -0.0035798 -8.70813e-05
8.999999999828       0.765625 0.00237701 0.000103032 -0.00114942 0.00108876 5.47471e-05 0.0020422 5.68434e-13 9.82547e-15 -7.68829e-15 2.32831e-10 5.71352e-05 0.000632748 2.95111e-05 -0.000202216 -0.00332315 0.00143068
8.999999999828       0.796875 0.00232447 -2.798e-05 -0.0012184 0.000820295 6.70045e-05 0.00210968 -1.13687e-13 1.69587e-14 3.27793e-14 2.91038e-11 -1.38444e-05 0.000482433 3.72193e-05 -0.00268753 -0.00228813 0.00239685
8.999999999828       0.828125 0.00260345 -0.00028001 -0.00127378 0.000826943 0.000130723 0.00203958 -5.11591e-13 9.46292e-16 2.05391e-15 -1.60071e-10 -0.00015597 0.000482322 7.45875e-05 -0.00509015 -0.00309249 0.00317479
8.999999999828       0.859375 0.00291314 -0.00029085 -0.00130413 0.000906611 0.000182692 0.00182265 6.82121e-13 1.68754e-14 -9.9365e-15 5.82077e-11 -0.000168191 0.00052616 0.000105215 -0.00698911 -0.00174884 0.00351863
8.999999999828       0.890625 0.0027447 -0.0001232 -0.00121243 0.00103638 0.000213283 0.00146341 -2.27374e-13 -6.43929e-15 -5.84255e-15 -2.91038e-11 -7.12593e-05 0.000600535 0.000123125 -0.00747595 -0.00356927 0.00316541
8.999999999828       0.921875 0.00236935 -8.63456e-05 -0.000952485 0.00137467 0.000204315 0.000991059 5.11591e-13 -1.15463e-14 -1.31145e-15 2.32831e-10 -6.17172e-05 0.000792548 0.000122106 -0.00709792 -0.00654789 0.00206606
8.999999999828       0.953125 0.00190088 -0.000185297 -0.000638642 0.00163627 9.388e-05 0.0005193 1.7053e-13 -2.93099e-14 2.0442e-14 4.36557e-11 -0.0001237 0.000966059 5.97664e-05 -0.00357648 -0.0106527 0.000874759
8.999999999828       0.984375 0.00115646 -0.000105851 -0.00011706 0.00184286 1.91511e-05 8.39639e-05 1.47793e-12 2.70894e-14 -5.31172e-15 1.74623e-10 -6.24363e-05 0.00112488 1.2922e-05 -0.00103949 -0.0106641 0.000175295
9.999999999791       0.015625 0.0052798 -0.000206547 -0.0007716 0.0021824 -4.49064e-06 0.000426309 1.7053e-13 1.77636e-15 7.72819e-15 -8.73115e-11 -3.75117e-05 0.000799739 -2.91759e-06 0.000849534 -0.00457366 0.000568945
9.999999999791       0.046875 0.00645797 -0.000237151 -0.00149722 0.00214561 8.55862e-05 0.00137488 1.13687e-13 1.64313e-14 2.5418e-15 1.01863e-10 -0.000110638 0.000880461 3.44003e-05 -0.000747286 -0.00406878 0.000804324
9.999999999791       0.078125 0.00601886 -0.000486848 -0.00146589 0.00222287 1.60088e-05 0.00163447 -2.55795e-13 -5.82867e-15 1.72657e-14 -1.16415e-10 -0.000210126 0.000953334 3.27956e-06 -0.000559897 -2.57285e-05 0.000199267
9.999999999791       0.109375 0.00464966 -0.000130977 -0.00133623 0.00292715 -4.25118e-05 0.00163736 -2.84217e-13 -1.13243e-14 8.98934e-15 -1.74623e-10 -5.90268e-05 0.00131462 -2.22064e-05 0.000294831 -0.000216864 -0.000610401
9.999999999791       0.140625 0.0051849 0.000140647 -0.00145872 0.00215161 -7.1527e-05 0.00153359 -2.27374e-13 2.13163e-14 1.73234e-15 -1.45519e-11 6.35676e-05 0.00101794 -3.57516e-05 0.00233669 -0.00324122 -0.00147318
9.999999999791       0.171875 0.00472661 -0.000263048 -0.00132071 0.0020155 -8.42933e-05 0.00150128 -5.11591e-13 2.44249e-15 -1.00701e-15 -1.01863e-10 -0.000119211 0.000972453 -4.594e-05 0.00328126 0.000784707 -0.00195792
9.999999999791       0.203125 0.00430814 6.12193e-05 -0.00118372 0.00190829 -0.000287903 0.00149632 0 6.21725e-15 1.75988e-15 -8.73115e-11 3.19223e-05 0.000963914 -0.000144154 0.000800293 -0.00088214 -0.00251674
9.999999999791       0.234375 0.00434635 0.000747094 -0.00130943 0.00186454 -0.000269372 0.0015476 5.68434e-13 -5.77316e-15 1.15359e-16 2.91038e-11 0.000379747 0.000947797 -0.000134758 0.00322638 0.00107837 -0.00313307
9.999999999791       0.265625 0.00427265 0.000265162 -0.00127921 0.00165075 -0.000169904 0.00154428 5.68434e-14 1.49603e-14 -3.40006e-16 -1.01863e-10 0.000143075 0.000848528 -8.65073e-05 0.00749315 0.000111362 -0.00369758
9.999999999791       0.296875 0.00426117 0.000226185 -0.00137918 0.00182717 -0.000194622 0.00164894 -3.41061e-13 -5.32907e-15 -1.54737e-14 -1.45519e-11 0.000155208 0.000973156 -0.000108686 0.00701698 0.00108155 -0.00399339
9.999999999791       0.328125 0.0038432 0.000611853 -0.00124489 0.00189448 -0.000359829 0.00173266 2.27374e-13 -8.88178e-15 -2.56184e-14 2.03727e-10 0.000379889 0.00105111 -0.000213143 0.0044158 0.00437831 -0.00342003
9.999999999791       0.359375 0.00354416 0.000305948 -0.000890448 0.00200112 -0.000368892 0.00164216 -1.13687e-13 1.33227e-15 -3.08087e-15 7.27596e-11 0.000203747 0.00111724 -0.000212728 0.00250615 0.00350413 -0.00232326
9.999999999791       0.390625 0.00327493 -0.000168864 -0.00114604 0.00150452 7.29229e-05 0.00159128 -1.08002e-12 2.9296e-14 -3.94129e-15 -1.30967e-10 -8.39913e-05 0.000815907 3.09223e-05 0.000640105 0.00181457 -0.00134274
9.999999999791       0.421875 0.00384474 -0.00021239 -0.00131465 0.00139187 9.87096e-05 0.00175478 -5.11591e-13 1.93179e-14 -8.85403e-15 -5.82077e-11 -0.000111684 0.000772838 4.96567e-05 8.19289e-05 0.00132368 -0.00140878
9.999999999791       0.453125 0.00349024 -0.000430983 -0.00105772 0.00145236 5.84443e-05 0.00194399 -5.11591e-13 0 -1.91513e-15 -3.34694e-10 -0.000220057 0.000817172 2.43167e-05 8.363e-05 0.00185563 -0.0016573
9.999999999791       0.484375 0.00324559 -0.000117573 -0.00107478 0.00124641 -1.7692e-05 0.00199152 -2.84217e-13 -6.66134e-15 1.2379e-14 1.60071e-10 -5.17807e-05 0.000699966 -1.58347e-05 -0.00264298 0.00204757 -0.00173444
9.999999999791       0.515625 0.003532 -3.11906e-05 -0.00120102 0.000926222 -0.000205678 0.00213459 1.7053e-13 -1.06581e-14 9.21485e-15 -1.16415e-10 -1.3466e-06 0.000519562 -0.00012109 -0.00190172 0.00177313 -0.00140649
9.999999999791       0.546875 0.0037375 9.26324e-06 -0.00139413 0.00102963 -0.000113311 0.00220666 -3.41061e-13 -9.76996e-15 2.05946e-14 4.36557e-11 1.5628e-05 0.000570987 -7.53779e-05 -0.00200593 0.00227897 -0.000438878
9.999999999791       0.578125 0.00406076 0.000211021 -0.00137585 0.000972475 -0.0001062 0.00223072 -1.7053e-13 1.32117e-14 -2.19824e-14 4.36557e-11 0.000127569 0.000537051 -6.66123e-05 -0.00180632 0.00142244 0.000434393
9.999999999791       0.609375 0.00422839 0.000540411 -0.00142226 0.00117149 -0.000238168 0.00222027 1.7053e-13 -2.22045e-14 -1.4988e-14 4.36557e-11 0.000331745 0.000673686 -0.000148775 -0.0011821 -0.00164854 0.00123423
9.999999999791       0.640625 0.00347114 0.000561803 -0.00130737 0.00129485 -0.000269727 0.00216145 3.41061e-13 1.46549e-14 -1.60427e-14 1.30967e-10 0.000319628 0.000742408 -0.00015785 -0.00311469 -0.00222735 0.00221685
9.999999999791       0.671875 0.0031427 0.00038302 -0.00134787 0.00161825 -0.000253551 0.00210263 -3.97904e-13 8.65974e-15 -2.05391e-14 2.18279e-10 0.000211301 0.00090805 -0.000141979 -0.00247495 0.00300403 0.00210709
9.999999999791       0.703125 0.00285423 0.000494293 -0.001252 0.00174972 -0.000203533 0.00198556 5.11591e-13 2.57572e-14 -1.94289e-14 5.82077e-11 0.000267521 0.000979311 -0.000111094 -0.00142037 0.00531615 0.00123533
9.999999999791       0.734375 0.00275311 0.000223471 -0.00104449 0.00137761 -0.000203842 0.00183318 3.41061e-13 -2.22045e-15 1.30451e-15 8.73115e-11 0.000115725 0.00078207 -0.00010805 -0.00079936 0.00609737 -9.66345e-05
9.999999999791       0.765625 0.00253362 0.00030603 -0.00110295 0.00116388 -0.000207688 0.00177844 3.41061e-13 -1.53211e-14 -2.498e-14 1.01863e-10 0.000164833 0.000672461 -0.000112332 0.00174976 0.00646528 -0.000904129
9.999999999791       0.796875 0.00219505 3.36444e-05 -0.00101084 0.000900861 0.00012131 0.00184267 -7.38964e-13 6.43929e-15 5.44009e-15 7.27596e-11 1.59148e-05 0.000528826 6.97969e-05 0.00380355 0.00539698 -0.000469406
9.999999999791       0.828125 0.00214183 -0.000162031 -0.000932557 0.000810484 0.000196426 0.00183256 9.09495e-13 -1.22125e-15 3.01426e-14 2.47383e-10 -8.98662e-05 0.000476695 0.000111997 0.00412007 0.00140461 -8.0165e-05
9.999999999791       0.859375 0.00233184 -0.000260597 -0.00101905 0.000872981 0.00022827 0.00171608 2.27374e-13 -3.4972e-15 -1.56403e-14 7.27596e-11 -0.000142988 0.000511922 0.000130261 0.00502525 -0.000862895 -0.000585979
9.999999999791       0.890625 0.0025793 -0.000154317 -0.000974211 0.00106991 0.000211877 0.00138171 3.97904e-13 -2.02061e-14 -7.49401e-15 2.91038e-11 -7.95653e-05 0.000626536 0.000118371 0.00695508 0.00201293 -0.00206319
9.999999999791       0.921875 0.00234967 -0.000120961 -0.000708873 0.00133502 0.000216039 0.00100096 -1.02318e-12 1.28786e-14 -3.13638e-15 2.91038e-11 -7.07508e-05 0.000775667 0.000124662 0.0118916 0.00186922 -0.00334314
9.999999999791       0.953125 0.00232163 -0.000321794 -0.000613216 0.00202221 0.000102126 0.000584344 -1.13687e-13 -3.10862e-14 8.28504e-15 1.45519e-10 -0.00020609 0.00119108 6.27274e-05 0.012448 -0.000762699 -0.00321954
9.999999999791       0.984375 0.00162621 -0.000187986 -0.000157382 0.00246256 1.40288e-05 0.000102306 5.11591e-13 -3.10862e-15 -1.34268e-15 3.63798e-10 -0.000117597 0.00147878 8.94452e-06 0.00845224 -0.00229293 -0.00139375
