5.999999999942       0.015625 0.711571 0.00783264 -1.92856e-05 1.00929 300 0
5.999999999942       0.046875 0.829415 0.0101604 -3.18557e-05 1.00929 300 0
5.999999999942       0.078125 0.864432 0.0070471 -2.74691e-05 1.00929 300 0
5.999999999942       0.109375 0.909815 -0.00113406 -6.29512e-05 1.00929 300 0
5.999999999942       0.140625 0.93936 -0.00738702 -0.000120695 1.00929 300 0
5.999999999942       0.171875 0.97687 -0.00367398 -0.000233856 1.00929 300 0
5.999999999942       0.203125 0.990811 -0.00347046 -0.000367907 1.00929 300 0
5.999999999942       0.234375 1.0166 0.000345684 -0.000438815 1.00929 300 0
5.999999999942       0.265625 1.03354 0.0150985 -0.000452025 1.00929 300 0
5.999999999942       0.296875 1.0526 0.0144714 -0.000480284 1.00929 300 0
5.999999999942       0.328125 1.06076 0.0102944 -0.000550748 1.00929 300 0
5.999999999942       0.359375 1.06734 0.00608771 -0.000545975 1.00929 300 0
5.999999999942       0.390625 1.06713 0.00978194 -0.000443295 1.00929 300 0
5.999999999942       0.421875 1.07017 0.0133333 -0.000336022 1.00929 300 0
5.999999999942       0.453125 1.07424 0.0161617 -0.000228985 1.00929 300 0
5.999999999942       0.484375 1.08634 0.00809915 -0.000180659 1.00929 300 0
5.999999999942       0.515625 1.09914 0.000392413 -0.000153688 1.00929 300 0
5.999999999942       0.546875 1.11174 -0.00853481 -3.92822e-05 1.00929 300 0
5.999999999942       0.578125 1.12384 -0.00918764 5.49517e-05 1.00929 300 0
5.999999999942       0.609375 1.12703 -0.00352564 2.34908e-05 1.00929 300 0
5.999999999942       0.640625 1.1289 0.0042664 -9.56951e-05 1.00929 300 0
5.999999999942       0.671875 1.13438 0.00460949 -0.000181366 1.00929 300 0
5.999999999942       0.703125 1.1408 0.00228052 -0.00025499 1.00929 300 0
5.999999999942       0.734375 1.14384 0.00603619 -0.000382132 1.00929 300 0
5.999999999942       0.765625 1.14957 0.00612396 -0.000517605 1.00929 300 0
5.999999999942       0.796875 1.16135 0.00438698 -0.000585325 1.0093 300 0
5.999999999942       0.828125 1.17303 0.00133246 -0.000583661 1.0093 300 0
5.999999999942       0.859375 1.18148 0.00398289 -0.000531346 1.0093 300 0
5.999999999942       0.890625 1.18872 0.00545114 -0.000422368 1.0093 300 0
5.999999999942       0.921875 1.19723 0.00614235 -0.000301673 1.0093 300 0
5.999999999942       0.953125 1.2026 0.00434284 -0.000188989 1.0093 300 0
5.999999999942       0.984375 1.20997 0.00286762 -6.44026e-05 1.0093 300 0
6.999999999904       0.015625 0.716922 0.00662175 4.58148e-05 1.01158 300 0
6.999999999904       0.046875 0.822312 0.0124092 0.000149899 1.01158 300 0
6.999999999904       0.078125 0.860367 0.0064979 0.00025526 1.01158 300 0
6.999999999904       0.109375 0.901762 -0.00121531 0.000320347 1.01158 300 0
6.999999999904       0.140625 0.93895 -0.00280821 0.000347898 1.01158 300 0
6.999999999904       0.171875 0.970452 -0.00320081 0.000344625 1.01158 300 0
6.999999999904       0.203125 0.991077 -0.00439583 0.000347771 1.01158 300 0
6.999999999904       0.234375 1.01055 -0.00146972 0.000360889 1.01158 300 0
6.999999999904       0.265625 1.0317 0.0124211 0.00040024 1.01158 300 0
6.999999999904       0.296875 1.05734 0.0126135 0.000475601 1.01158 300 0
6.999999999904       0.328125 1.06863 0.0137149 0.0004999 1.01158 300 0
6.999999999904       0.359375 1.07404 0.00656922 0.000504798 1.01158 300 0
6.999999999904       0.390625 1.07663 0.00686732 0.00051114 1.01158 300 0
6.999999999904       0.421875 1.08044 0.0111553 0.000598146 1.01158 300 0
6.999999999904       0.453125 1.0821 0.0141139 0.000681355 1.01158 300 0
6.999999999904       0.484375 1.08956 0.00534509 0.000629699 1.01158 300 0
6.999999999904       0.515625 1.10335 0.00526056 0.000545519 1.01158 300 0
6.999999999904       0.546875 1.10905 -0.00151457 0.000530959 1.01158 300 0
6.999999999904       0.578125 1.11856 -0.00726863 0.000578038 1.01158 300 0
6.999999999904       0.609375 1.12814 0.000161851 0.000553562 1.01158 300 0
6.999999999904       0.640625 1.13396 0.00416908 0.000477837 1.01158 300 0
6.999999999904       0.671875 1.1428 -6.29239e-05 0.000435204 1.01158 300 0
6.999999999904       0.703125 1.14261 0.00188461 0.000404776 1.01158 300 0
6.999999999904       0.734375 1.1436 0.00336494 0.000316256 1.01158 300 0
6.999999999904       0.765625 1.14982 0.00172836 0.000185618 1.01158 300 0
6.999999999904       0.796875 1.15595 0.00382372 9.35561e-05 1.01158 300 0
6.999999999904       0.828125 1.1643 0.00146335 3.95264e-05 1.01158 300 0
6.999999999904       0.859375 1.17385 0.00508803 4.43863e-05 1.01158 300 0
6.999999999904       0.890625 1.18288 0.00574631 8.4511e-05 1.01158 300 0
6.999999999904       0.921875 1.19048 0.00693913 5.5991e-05 1.01158 300 0
6.999999999904       0.953125 1.19678 0.00525757 4.13377e-06 1.01158 300 0
6.999999999904       0.984375 1.20722 0.00403061 -4.57917e-06 1.01158 300 0
7.999999999866       0.015625 0.716172 0.00829869 3.4952e-05 1.01437 300 0
7.999999999866       0.046875 0.814585 0.0103311 0.000108838 1.01437 300 0
7.999999999866       0.078125 0.855635 0.00396165 0.000190696 1.01437 300 0
7.999999999866       0.109375 0.902191 0.000978937 0.000235483 1.01437 300 0
7.999999999866       0.140625 0.942927 -0.000976964 0.000234417 1.01437 300 0
7.999999999866       0.171875 0.963149 -0.0031825 0.000249777 1.01437 300 0
7.999999999866       0.203125 0.990912 -0.000995593 0.000298023 1.01437 300 0
7.999999999866       0.234375 1.01104 0.000184628 0.000325562 1.01437 300 0
7.999999999866       0.265625 1.02942 0.00882363 0.000329205 1.01437 300 0
7.999999999866       0.296875 1.05389 0.0102498 0.00035027 1.01437 300 0
7.999999999866       0.328125 1.07212 0.01041 0.000302475 1.01437 300 0
7.999999999866       0.359375 1.07875 0.00890682 0.000243203 1.01437 300 0
7.999999999866       0.390625 1.08437 0.00949233 0.000257554 1.01437 300 0
7.999999999866       0.421875 1.09027 0.0110367 0.000384301 1.01437 300 0
7.999999999866       0.453125 1.09271 0.00918623 0.000541119 1.01437 300 0
7.999999999866       0.484375 1.09849 0.00347219 0.000621924 1.01437 300 0
7.999999999866       0.515625 1.10395 0.00669919 0.000719098 1.01437 300 0
7.999999999866       0.546875 1.10915 0.00630848 0.000840795 1.01437 300 0
7.999999999866       0.578125 1.11486 0.00139237 0.00095466 1.01437 300 0
7.999999999866       0.609375 1.12387 0.00140561 0.000998068 1.01437 300 0
7.999999999866       0.640625 1.13336 0.000470004 0.000994427 1.01437 300 0
7.999999999866       0.671875 1.14304 -0.0025352 0.000993733 1.01437 300 0
7.999999999866       0.703125 1.14782 -0.00320768 0.00098266 1.01437 300 0
7.999999999866       0.734375 1.15172 0.000400293 0.000927797 1.01437 300 0
7.999999999866       0.765625 1.15471 0.00168171 0.000823841 1.01437 300 0
7.999999999866       0.796875 1.15731 0.000904979 0.000719369 1.01437 300 0
7.999999999866       0.828125 1.16026 0.00176718 0.000626256 1.01437 300 0
7.999999999866       0.859375 1.16576 0.00516399 0.000536898 1.01437 300 0
7.999999999866       0.890625 1.17422 0.00556268 0.000450225 1.01437 300 0
7.999999999866       0.921875 1.18018 0.00774847 0.000335048 1.01437 300 0
7.999999999866       0.953125 1.18785 0.00669576 0.000204309 1.01437 300 0
7.999999999866       0.984375 1.20223 0.00574807 7.28533e-05 1.01437 300 0
8.999999999828       0.015625 0.709457 0.00913967 1.69397e-05 1.01708 300 0
8.999999999828       0.046875 0.806652 0.00836849 7.29101e-05 1.01708 300 0
8.999999999828       0.078125 0.857709 0.00178727 0.000121839 1.01708 300 0
8.999999999828       0.109375 0.901472 0.00289082 0.000137331 1.01708 300 0
8.999999999828       0.140625 0.940336 0.000616534 0.000148138 1.01708 300 0
8.999999999828       0.171875 0.966669 -0.00162444 0.000132905 1.01708 300 0
8.999999999828       0.203125 0.99414 0.00637466 7.9451e-05 1.01708 300 0
8.999999999828       0.234375 1.01454 0.00140956 5.40761e-05 1.01708 300 0
8.999999999828       0.265625 1.02815 0.00374628 9.03145e-05 1.01708 300 0
8.999999999828       0.296875 1.04617 0.00666656 0.000136107 1.01708 300 0
8.999999999828       0.328125 1.07325 0.00829151 0.000129188 1.01708 300 0
8.999999999828       0.359375 1.08234 0.0138489 0.000138743 1.01708 300 0
8.999999999828       0.390625 1.0884 0.00887211 0.00022904 1.01708 300 0
8.999999999828       0.421875 1.09762 0.00574903 0.000360662 1.01708 300 0
8.999999999828       0.453125 1.103 0.0068623 0.000457268 1.01708 300 0
8.999999999828       0.484375 1.10697 0.00544381 0.000496392 1.01708 300 0
8.999999999828       0.515625 1.10468 0.00785006 0.000565848 1.01707 300 0
8.999999999828       0.546875 1.10898 0.00818143 0.000664887 1.01707 300 0
8.999999999828       0.578125 1.11461 0.00572124 0.000736793 1.01707 300 0
8.999999999828       0.609375 1.12267 0.00796525 0.000734623 1.01707 300 0
8.999999999828       0.640625 1.13117 -0.000215943 0.000700824 1.01707 300 0
8.999999999828       0.671875 1.14144 -0.00372605 0.000671649 1.01707 300 0
8.999999999828       0.703125 1.15005 -0.00530492 0.000645451 1.01707 300 0
8.999999999828       0.734375 1.15363 -0.00710955 0.000610261 1.01707 300 0
8.999999999828       0.765625 1.15919 -0.000975182 0.000531801 1.01707 300 0
8.999999999828       0.796875 1.16145 0.000610933 0.000425928 1.01707 300 0
8.999999999828       0.828125 1.16301 2.20342e-05 0.000330998 1.01708 300 0
8.999999999828       0.859375 1.16498 0.00255987 0.000274062 1.01708 300 0
8.999999999828       0.890625 1.16756 0.00624376 0.00022561 1.01708 300 0
8.999999999828       0.921875 1.1694 0.00982075 0.000191663 1.01708 300 0
8.999999999828       0.953125 1.17572 0.00905114 0.000152898 1.01708 300 0
8.999999999828       0.984375 1.19382 0.00764249 6.02008e-05 1.01708 300 0
9.999999999791       0.015625 0.704043 0.00767283 -7.0111e-06 1.01887 300 0
9.999999999791       0.046875 0.805374 0.00730502 6.50392e-06 1.01887 300 0
9.999999999791       0.078125 0.853018 0.00147232 2.00988e-05 1.01887 300 0
9.999999999791       0.109375 0.903208 0.0039934 1.5156e-05 1.01887 300 0
9.999999999791       0.140625 0.937122 0.00416972 6.01819e-06 1.01887 300 0
9.999999999791       0.171875 0.968563 0.00374241 -1.52742e-05 1.01887 300 0
9.999999999791       0.203125 0.996949 0.0120061 -1.52826e-05 1.01887 300 0
9.999999999791       0.234375 1.01461 -0.00158347 2.00311e-05 1.01887 300 0
9.999999999791       0.265625 1.0317 -0.000449013 8.21225e-05 1.01887 300 0
9.999999999791       0.296875 1.04594 0.00951494 0.000159875 1.01887 300 0
9.999999999791       0.328125 1.06919 0.0100007 0.000241223 1.01887 300 0
9.999999999791       0.359375 1.08498 0.0102801 0.000343462 1.01887 300 0
9.999999999791       0.390625 1.0924 6.08252e-05 0.000476049 1.01887 300 0
9.999999999791       0.421875 1.0997 0.00424101 0.000630025 1.01887 300 0
9.999999999791       0.453125 1.10557 0.00883176 0.000753094 1.01887 300 0
9.999999999791       0.484375 1.11102 0.0104297 0.000808914 1.01887 300 0
9.999999999791       0.515625 1.11106 0.0095178 0.000856602 1.01887 300 0
9.999999999791       0.546875 1.11363 0.00695349 0.00093914 1.01887 300 0
9.999999999791       0.578125 1.11337 0.00327794 0.00101494 1.01887 300 0
9.999999999791       0.609375 1.12211 0.0137531 0.000992586 1.01887 300 0
9.999999999791       0.640625 1.13234 0.0050773 0.00091287 1.01887 300 0
9.999999999791       0.671875 1.14011 -0.00539558 0.000823976 1.01887 300 0
9.999999999791       0.703125 1.15005 -0.00799758 0.000729672 1.01887 300 0
9.999999999791       0.734375 1.15327 -0.0116487 0.000663126 1.01887 300 0
9.999999999791       0.765625 1.15962 -0.00548908 0.000587676 1.01887 300 0
9.999999999791       0.796875 1.16318 -0.00302258 0.000493336 1.01887 300 0
9.999999999791       0.828125 1.16618 -0.0016255 0.000412484 1.01887 300 0
9.999999999791       0.859375 1.16642 0.00154094 0.000350588 1.01887 300 0
9.999999999791       0.890625 1.16373 0.00661062 0.000288866 1.01887 300 0
9.999999999791       0.921875 1.16512 0.0115638 0.000215015 1.01887 300 0
9.999999999791       0.953125 1.16601 0.0121089 0.000127235 1.01887 300 0
9.999999999791       0.984375 1.18231 0.00953347 4.01908e-05 1.01887 300 0
